<?xml version="1.0" encoding="UTF-8"?>
<!-- Generated by org.testng.reporters.JUnitXMLReporter -->
<testsuite ignored="0" hostname="LAPTOP-J3O1SV8B" failures="0" tests="3" name="Default test" time="87.203" errors="0" timestamp="2023-07-26T09:00:41 IST">
  <testcase classname="eCommerceProject.Flipkart" name="FlipkartTest" time="29.03"/>
  <testcase classname="eCommerceProject.Ajio" name="AjioTest" time="44.38"/>
  <testcase classname="eCommerceProject.Amazon" name="AmazonTest" time="13.752"/>
</testsuite> <!-- Default test -->
