<?xml version="1.0" encoding="UTF-8"?>
<!-- Generated by org.testng.reporters.JUnitXMLReporter -->
<testsuite ignored="0" hostname="LAPTOP-J3O1SV8B" failures="0" tests="4" name="Default test" time="116.224" errors="0" timestamp="2023-08-01T19:36:54 IST">
  <testcase classname="eCommerceProject.Flipkart" name="FlipkartTest" time="19.786"/>
  <testcase classname="eCommerceProject.Ajio" name="AjioTest" time="70.076"/>
  <testcase classname="eCommerceProject.Snapdeal" name="SnapdealTest" time="14.859"/>
  <testcase classname="eCommerceProject.Amazon" name="AmazonTest" time="11.455"/>
</testsuite> <!-- Default test -->
