<?xml version="1.0" encoding="UTF-8"?>
<testng-results ignored="0" total="3" passed="3" failed="0" skipped="0">
  <reporter-output>
    <line>
      <![CDATA[Opening flipkart]]>
    </line>
    <line>
      <![CDATA[Opening Ajio]]>
    </line>
    <line>
      <![CDATA[Opening Amazon]]>
    </line>
  </reporter-output>
  <suite started-at="2023-07-26T08:59:14 IST" name="Default suite" finished-at="2023-07-26T09:00:41 IST" duration-ms="87203">
    <groups>
    </groups>
    <test started-at="2023-07-26T08:59:14 IST" name="Default test" finished-at="2023-07-26T09:00:41 IST" duration-ms="87203">
      <class name="eCommerceProject.Flipkart">
        <test-method signature="FlipkartTest()[pri:0, instance:eCommerceProject.Flipkart@7ce69770]" started-at="2023-07-26T08:59:14 IST" name="FlipkartTest" finished-at="2023-07-26T08:59:43 IST" duration-ms="29030" status="PASS">
          <reporter-output>
            <line>
              <![CDATA[Opening flipkart]]>
            </line>
          </reporter-output>
        </test-method> <!-- FlipkartTest -->
      </class> <!-- eCommerceProject.Flipkart -->
      <class name="eCommerceProject.Ajio">
        <test-method signature="AjioTest()[pri:0, instance:eCommerceProject.Ajio@59402b8f]" started-at="2023-07-26T08:59:43 IST" name="AjioTest" finished-at="2023-07-26T09:00:28 IST" duration-ms="44380" status="PASS">
          <reporter-output>
            <line>
              <![CDATA[Opening Ajio]]>
            </line>
          </reporter-output>
        </test-method> <!-- AjioTest -->
      </class> <!-- eCommerceProject.Ajio -->
      <class name="eCommerceProject.Amazon">
        <test-method signature="AmazonTest()[pri:0, instance:eCommerceProject.Amazon@7188af83]" started-at="2023-07-26T09:00:28 IST" name="AmazonTest" finished-at="2023-07-26T09:00:41 IST" duration-ms="13752" status="PASS">
          <reporter-output>
            <line>
              <![CDATA[Opening Amazon]]>
            </line>
          </reporter-output>
        </test-method> <!-- AmazonTest -->
      </class> <!-- eCommerceProject.Amazon -->
    </test> <!-- Default test -->
  </suite> <!-- Default suite -->
</testng-results>
