<?xml version="1.0" encoding="UTF-8"?>
<testng-results ignored="0" total="4" passed="4" failed="0" skipped="0">
  <reporter-output>
    <line>
      <![CDATA[Opening flipkart]]>
    </line>
    <line>
      <![CDATA[Opening Ajio]]>
    </line>
    <line>
      <![CDATA[Opening Snapdeal]]>
    </line>
    <line>
      <![CDATA[Opening Amazon]]>
    </line>
  </reporter-output>
  <suite started-at="2023-08-01T19:34:58 IST" name="Default suite" finished-at="2023-08-01T19:36:54 IST" duration-ms="116224">
    <groups>
    </groups>
    <test started-at="2023-08-01T19:34:58 IST" name="Default test" finished-at="2023-08-01T19:36:54 IST" duration-ms="116224">
      <class name="eCommerceProject.Flipkart">
        <test-method signature="FlipkartTest()[pri:0, instance:eCommerceProject.Flipkart@433defed]" started-at="2023-08-01T19:34:58 IST" name="FlipkartTest" finished-at="2023-08-01T19:35:18 IST" duration-ms="19786" status="PASS">
          <reporter-output>
            <line>
              <![CDATA[Opening flipkart]]>
            </line>
          </reporter-output>
        </test-method> <!-- FlipkartTest -->
      </class> <!-- eCommerceProject.Flipkart -->
      <class name="eCommerceProject.Snapdeal">
        <test-method signature="SnapdealTest()[pri:0, instance:eCommerceProject.Snapdeal@4f32a3ad]" started-at="2023-08-01T19:36:28 IST" name="SnapdealTest" finished-at="2023-08-01T19:36:43 IST" duration-ms="14859" status="PASS">
          <reporter-output>
            <line>
              <![CDATA[Opening Snapdeal]]>
            </line>
          </reporter-output>
        </test-method> <!-- SnapdealTest -->
      </class> <!-- eCommerceProject.Snapdeal -->
      <class name="eCommerceProject.Ajio">
        <test-method signature="AjioTest()[pri:0, instance:eCommerceProject.Ajio@71075444]" started-at="2023-08-01T19:35:18 IST" name="AjioTest" finished-at="2023-08-01T19:36:28 IST" duration-ms="70076" status="PASS">
          <reporter-output>
            <line>
              <![CDATA[Opening Ajio]]>
            </line>
          </reporter-output>
        </test-method> <!-- AjioTest -->
      </class> <!-- eCommerceProject.Ajio -->
      <class name="eCommerceProject.Amazon">
        <test-method signature="AmazonTest()[pri:0, instance:eCommerceProject.Amazon@6b695b06]" started-at="2023-08-01T19:36:43 IST" name="AmazonTest" finished-at="2023-08-01T19:36:54 IST" duration-ms="11455" status="PASS">
          <reporter-output>
            <line>
              <![CDATA[Opening Amazon]]>
            </line>
          </reporter-output>
        </test-method> <!-- AmazonTest -->
      </class> <!-- eCommerceProject.Amazon -->
    </test> <!-- Default test -->
  </suite> <!-- Default suite -->
</testng-results>
